C51 COMPILER V9.56.0.0   HOME_AUTO                                                         09/13/2019 20:55:49 PAGE 1   


C51 COMPILER V9.56.0.0, COMPILATION OF MODULE HOME_AUTO
OBJECT MODULE PLACED IN .\Objects\home auto.obj
COMPILER INVOKED BY: C:\Keil_v5\C51\BIN\C51.EXE home auto.c OPTIMIZE(8,SPEED) BROWSE DEBUG OBJECTEXTEND PRINT(.\Listings
                    -\home auto.lst) TABS(2) OBJECT(.\Objects\home auto.obj)

line level    source

   1          #include<reg51.h>
   2          sbit ldr=P1^0;
   3          sbit light=P2^0;
   4          sbit power=P2^1;
   5          char countout=0,countin=0;
   6          char count1=0;
   7          void delay(unsigned int count) //Function to provide delay
   8          {
   9   1      int i,j;
  10   1      for(i=0;i<count;i++)
  11   1      for(j=0;j<1275;j++);
  12   1      }
  13          void IR1()  interrupt 0
  14           {
  15   1         IE=0x00;
  16   1         
  17   1         if(countout==1)
  18   1         {
  19   2           count1--;
  20   2         delay(50);
  21   2         }
  22   1         else
  23   1           countin=1;
  24   1         countout=0;
  25   1         IE=0x85;
  26   1       }
  27          void IR2()  interrupt 2
  28           {
  29   1         IE=0x00;
  30   1         if(countin==1)
  31   1         {
  32   2           count1++;
  33   2         delay(50);
  34   2         }
  35   1         else
  36   1           countout=1;
  37   1         countin=0;
  38   1         IE=0x85;
  39   1       }
  40          void main()
  41          {
  42   1        ldr=0;
  43   1      IE=0x85;
  44   1      while(1)
  45   1      {
  46   2      while(count1<=0)
  47   2      { light=0;
  48   3      power=0;
  49   3      }
  50   2      
  51   2      power=1;
  52   2      if(ldr==1)
  53   2      light=0;
  54   2      else
C51 COMPILER V9.56.0.0   HOME_AUTO                                                         09/13/2019 20:55:49 PAGE 2   

  55   2      light=1;
  56   2      
  57   2      
  58   2      }
  59   1      }


MODULE INFORMATION:   STATIC OVERLAYABLE
   CODE SIZE        =    193    ----
   CONSTANT SIZE    =   ----    ----
   XDATA SIZE       =   ----    ----
   PDATA SIZE       =   ----    ----
   DATA SIZE        =      3    ----
   IDATA SIZE       =   ----    ----
   BIT SIZE         =   ----    ----
END OF MODULE INFORMATION.


C51 COMPILATION COMPLETE.  0 WARNING(S),  0 ERROR(S)
